<?xml version="1.0" encoding="UTF-8"?>
<testsuite xmlns:xsi="http://www.w3.org/2001/XMLSchema-instance" xsi:noNamespaceSchemaLocation="https://maven.apache.org/surefire/maven-surefire-plugin/xsd/surefire-test-report-3.0.xsd" version="3.0" name="com.example.microwave.fsm.MicrowaveFSMTest" time="0.052" tests="8" errors="0" skipped="0" failures="0">
  <properties>
    <property name="java.specification.version" value="23"/>
    <property name="sun.jnu.encoding" value="UTF-8"/>
    <property name="java.class.path" value="/Users/ericspencer/GitHub/interactive-microwave-tla/target/test-classes:/Users/ericspencer/GitHub/interactive-microwave-tla/target/classes:/Users/ericspencer/.m2/repository/org/springframework/boot/spring-boot-starter/3.2.4/spring-boot-starter-3.2.4.jar:/Users/ericspencer/.m2/repository/org/springframework/boot/spring-boot/3.2.4/spring-boot-3.2.4.jar:/Users/ericspencer/.m2/repository/org/springframework/spring-context/6.1.5/spring-context-6.1.5.jar:/Users/ericspencer/.m2/repository/org/springframework/boot/spring-boot-autoconfigure/3.2.4/spring-boot-autoconfigure-3.2.4.jar:/Users/ericspencer/.m2/repository/org/springframework/boot/spring-boot-starter-logging/3.2.4/spring-boot-starter-logging-3.2.4.jar:/Users/ericspencer/.m2/repository/ch/qos/logback/logback-classic/1.4.14/logback-classic-1.4.14.jar:/Users/ericspencer/.m2/repository/ch/qos/logback/logback-core/1.4.14/logback-core-1.4.14.jar:/Users/ericspencer/.m2/repository/org/apache/logging/log4j/log4j-to-slf4j/2.21.1/log4j-to-slf4j-2.21.1.jar:/Users/ericspencer/.m2/repository/org/apache/logging/log4j/log4j-api/2.21.1/log4j-api-2.21.1.jar:/Users/ericspencer/.m2/repository/org/slf4j/jul-to-slf4j/2.0.12/jul-to-slf4j-2.0.12.jar:/Users/ericspencer/.m2/repository/jakarta/annotation/jakarta.annotation-api/2.1.1/jakarta.annotation-api-2.1.1.jar:/Users/ericspencer/.m2/repository/org/springframework/spring-core/6.1.5/spring-core-6.1.5.jar:/Users/ericspencer/.m2/repository/org/springframework/spring-jcl/6.1.5/spring-jcl-6.1.5.jar:/Users/ericspencer/.m2/repository/org/yaml/snakeyaml/2.2/snakeyaml-2.2.jar:/Users/ericspencer/.m2/repository/org/springframework/boot/spring-boot-starter-web/3.2.4/spring-boot-starter-web-3.2.4.jar:/Users/ericspencer/.m2/repository/org/springframework/boot/spring-boot-starter-json/3.2.4/spring-boot-starter-json-3.2.4.jar:/Users/ericspencer/.m2/repository/com/fasterxml/jackson/core/jackson-databind/2.15.4/jackson-databind-2.15.4.jar:/Users/ericspencer/.m2/repository/com/fasterxml/jackson/core/jackson-annotations/2.15.4/jackson-annotations-2.15.4.jar:/Users/ericspencer/.m2/repository/com/fasterxml/jackson/core/jackson-core/2.15.4/jackson-core-2.15.4.jar:/Users/ericspencer/.m2/repository/com/fasterxml/jackson/datatype/jackson-datatype-jdk8/2.15.4/jackson-datatype-jdk8-2.15.4.jar:/Users/ericspencer/.m2/repository/com/fasterxml/jackson/datatype/jackson-datatype-jsr310/2.15.4/jackson-datatype-jsr310-2.15.4.jar:/Users/ericspencer/.m2/repository/com/fasterxml/jackson/module/jackson-module-parameter-names/2.15.4/jackson-module-parameter-names-2.15.4.jar:/Users/ericspencer/.m2/repository/org/springframework/boot/spring-boot-starter-tomcat/3.2.4/spring-boot-starter-tomcat-3.2.4.jar:/Users/ericspencer/.m2/repository/org/apache/tomcat/embed/tomcat-embed-core/10.1.19/tomcat-embed-core-10.1.19.jar:/Users/ericspencer/.m2/repository/org/apache/tomcat/embed/tomcat-embed-el/10.1.19/tomcat-embed-el-10.1.19.jar:/Users/ericspencer/.m2/repository/org/apache/tomcat/embed/tomcat-embed-websocket/10.1.19/tomcat-embed-websocket-10.1.19.jar:/Users/ericspencer/.m2/repository/org/springframework/spring-web/6.1.5/spring-web-6.1.5.jar:/Users/ericspencer/.m2/repository/org/springframework/spring-beans/6.1.5/spring-beans-6.1.5.jar:/Users/ericspencer/.m2/repository/io/micrometer/micrometer-observation/1.12.4/micrometer-observation-1.12.4.jar:/Users/ericspencer/.m2/repository/io/micrometer/micrometer-commons/1.12.4/micrometer-commons-1.12.4.jar:/Users/ericspencer/.m2/repository/org/springframework/spring-webmvc/6.1.5/spring-webmvc-6.1.5.jar:/Users/ericspencer/.m2/repository/org/springframework/spring-aop/6.1.5/spring-aop-6.1.5.jar:/Users/ericspencer/.m2/repository/org/springframework/spring-expression/6.1.5/spring-expression-6.1.5.jar:/Users/ericspencer/.m2/repository/com/vaadin/vaadin-spring-boot-starter/24.3.7/vaadin-spring-boot-starter-24.3.7.jar:/Users/ericspencer/.m2/repository/com/vaadin/vaadin-spring/24.3.7/vaadin-spring-24.3.7.jar:/Users/ericspencer/.m2/repository/com/vaadin/flow-server/24.3.7/flow-server-24.3.7.jar:/Users/ericspencer/.m2/repository/com/vaadin/servletdetector/throw-if-servlet3/1.0.2/throw-if-servlet3-1.0.2.jar:/Users/ericspencer/.m2/repository/com/vaadin/external/gwt/gwt-elemental/2.8.2.vaadin2/gwt-elemental-2.8.2.vaadin2.jar:/Users/ericspencer/.m2/repository/org/apache/commons/commons-fileupload2-jakarta/2.0.0-M1/commons-fileupload2-jakarta-2.0.0-M1.jar:/Users/ericspencer/.m2/repository/org/apache/commons/commons-fileupload2-core/2.0.0-M1/commons-fileupload2-core-2.0.0-M1.jar:/Users/ericspencer/.m2/repository/commons-io/commons-io/2.15.0/commons-io-2.15.0.jar:/Users/ericspencer/.m2/repository/org/jsoup/jsoup/1.17.2/jsoup-1.17.2.jar:/Users/ericspencer/.m2/repository/com/helger/ph-css/7.0.1/ph-css-7.0.1.jar:/Users/ericspencer/.m2/repository/com/helger/commons/ph-commons/11.1.0/ph-commons-11.1.0.jar:/Users/ericspencer/.m2/repository/org/ow2/asm/asm/9.6/asm-9.6.jar:/Users/ericspencer/.m2/repository/com/vaadin/external/gentyref/1.2.0.vaadin1/gentyref-1.2.0.vaadin1.jar:/Users/ericspencer/.m2/repository/org/apache/commons/commons-compress/1.26.1/commons-compress-1.26.1.jar:/Users/ericspencer/.m2/repository/commons-codec/commons-codec/1.16.1/commons-codec-1.16.1.jar:/Users/ericspencer/.m2/repository/org/apache/commons/commons-lang3/3.13.0/commons-lang3-3.13.0.jar:/Users/ericspencer/.m2/repository/com/vaadin/flow-push/24.3.7/flow-push-24.3.7.jar:/Users/ericspencer/.m2/repository/com/vaadin/external/atmosphere/atmosphere-runtime/3.0.4.slf4jvaadin1/atmosphere-runtime-3.0.4.slf4jvaadin1.jar:/Users/ericspencer/.m2/repository/com/vaadin/flow-client/24.3.7/flow-client-24.3.7.jar:/Users/ericspencer/.m2/repository/org/springframework/spring-websocket/6.1.5/spring-websocket-6.1.5.jar:/Users/ericspencer/.m2/repository/org/hibernate/validator/hibernate-validator/8.0.1.Final/hibernate-validator-8.0.1.Final.jar:/Users/ericspencer/.m2/repository/jakarta/validation/jakarta.validation-api/3.0.2/jakarta.validation-api-3.0.2.jar:/Users/ericspencer/.m2/repository/org/jboss/logging/jboss-logging/3.5.3.Final/jboss-logging-3.5.3.Final.jar:/Users/ericspencer/.m2/repository/com/fasterxml/classmate/1.6.0/classmate-1.6.0.jar:/Users/ericspencer/.m2/repository/org/reflections/reflections/0.10.2/reflections-0.10.2.jar:/Users/ericspencer/.m2/repository/org/javassist/javassist/3.28.0-GA/javassist-3.28.0-GA.jar:/Users/ericspencer/.m2/repository/com/google/code/findbugs/jsr305/3.0.2/jsr305-3.0.2.jar:/Users/ericspencer/.m2/repository/com/vaadin/vaadin-core/24.3.7/vaadin-core-24.3.7.jar:/Users/ericspencer/.m2/repository/com/vaadin/vaadin-core-internal/24.3.7/vaadin-core-internal-24.3.7.jar:/Users/ericspencer/.m2/repository/com/vaadin/flow-lit-template/24.3.7/flow-lit-template-24.3.7.jar:/Users/ericspencer/.m2/repository/com/vaadin/flow-html-components/24.3.7/flow-html-components-24.3.7.jar:/Users/ericspencer/.m2/repository/com/vaadin/flow-data/24.3.7/flow-data-24.3.7.jar:/Users/ericspencer/.m2/repository/com/vaadin/flow-dnd/24.3.7/flow-dnd-24.3.7.jar:/Users/ericspencer/.m2/repository/com/vaadin/vaadin-lumo-theme/24.3.7/vaadin-lumo-theme-24.3.7.jar:/Users/ericspencer/.m2/repository/com/vaadin/vaadin-material-theme/24.3.7/vaadin-material-theme-24.3.7.jar:/Users/ericspencer/.m2/repository/com/vaadin/vaadin-accordion-flow/24.3.7/vaadin-accordion-flow-24.3.7.jar:/Users/ericspencer/.m2/repository/com/vaadin/vaadin-avatar-flow/24.3.7/vaadin-avatar-flow-24.3.7.jar:/Users/ericspencer/.m2/repository/com/vaadin/vaadin-flow-components-base/24.3.7/vaadin-flow-components-base-24.3.7.jar:/Users/ericspencer/.m2/repository/com/vaadin/vaadin-button-flow/24.3.7/vaadin-button-flow-24.3.7.jar:/Users/ericspencer/.m2/repository/com/vaadin/vaadin-checkbox-flow/24.3.7/vaadin-checkbox-flow-24.3.7.jar:/Users/ericspencer/.m2/repository/com/vaadin/vaadin-combo-box-flow/24.3.7/vaadin-combo-box-flow-24.3.7.jar:/Users/ericspencer/.m2/repository/com/vaadin/vaadin-confirm-dialog-flow/24.3.7/vaadin-confirm-dialog-flow-24.3.7.jar:/Users/ericspencer/.m2/repository/com/vaadin/vaadin-custom-field-flow/24.3.7/vaadin-custom-field-flow-24.3.7.jar:/Users/ericspencer/.m2/repository/com/vaadin/vaadin-date-picker-flow/24.3.7/vaadin-date-picker-flow-24.3.7.jar:/Users/ericspencer/.m2/repository/com/vaadin/vaadin-date-time-picker-flow/24.3.7/vaadin-date-time-picker-flow-24.3.7.jar:/Users/ericspencer/.m2/repository/com/vaadin/vaadin-details-flow/24.3.7/vaadin-details-flow-24.3.7.jar:/Users/ericspencer/.m2/repository/com/vaadin/vaadin-time-picker-flow/24.3.7/vaadin-time-picker-flow-24.3.7.jar:/Users/ericspencer/.m2/repository/com/vaadin/vaadin-select-flow/24.3.7/vaadin-select-flow-24.3.7.jar:/Users/ericspencer/.m2/repository/com/vaadin/vaadin-side-nav-flow/24.3.7/vaadin-side-nav-flow-24.3.7.jar:/Users/ericspencer/.m2/repository/com/vaadin/vaadin-dialog-flow/24.3.7/vaadin-dialog-flow-24.3.7.jar:/Users/ericspencer/.m2/repository/com/vaadin/vaadin-form-layout-flow/24.3.7/vaadin-form-layout-flow-24.3.7.jar:/Users/ericspencer/.m2/repository/com/vaadin/vaadin-field-highlighter-flow/24.3.7/vaadin-field-highlighter-flow-24.3.7.jar:/Users/ericspencer/.m2/repository/com/vaadin/vaadin-grid-flow/24.3.7/vaadin-grid-flow-24.3.7.jar:/Users/ericspencer/.m2/repository/com/vaadin/vaadin-icons-flow/24.3.7/vaadin-icons-flow-24.3.7.jar:/Users/ericspencer/.m2/repository/com/vaadin/vaadin-virtual-list-flow/24.3.7/vaadin-virtual-list-flow-24.3.7.jar:/Users/ericspencer/.m2/repository/com/vaadin/vaadin-list-box-flow/24.3.7/vaadin-list-box-flow-24.3.7.jar:/Users/ericspencer/.m2/repository/com/vaadin/vaadin-login-flow/24.3.7/vaadin-login-flow-24.3.7.jar:/Users/ericspencer/.m2/repository/com/vaadin/vaadin-messages-flow/24.3.7/vaadin-messages-flow-24.3.7.jar:/Users/ericspencer/.m2/repository/com/vaadin/vaadin-ordered-layout-flow/24.3.7/vaadin-ordered-layout-flow-24.3.7.jar:/Users/ericspencer/.m2/repository/com/vaadin/vaadin-progress-bar-flow/24.3.7/vaadin-progress-bar-flow-24.3.7.jar:/Users/ericspencer/.m2/repository/com/vaadin/vaadin-radio-button-flow/24.3.7/vaadin-radio-button-flow-24.3.7.jar:/Users/ericspencer/.m2/repository/com/vaadin/vaadin-renderer-flow/24.3.7/vaadin-renderer-flow-24.3.7.jar:/Users/ericspencer/.m2/repository/com/vaadin/vaadin-split-layout-flow/24.3.7/vaadin-split-layout-flow-24.3.7.jar:/Users/ericspencer/.m2/repository/com/vaadin/vaadin-tabs-flow/24.3.7/vaadin-tabs-flow-24.3.7.jar:/Users/ericspencer/.m2/repository/com/vaadin/vaadin-text-field-flow/24.3.7/vaadin-text-field-flow-24.3.7.jar:/Users/ericspencer/.m2/repository/com/vaadin/vaadin-upload-flow/24.3.7/vaadin-upload-flow-24.3.7.jar:/Users/ericspencer/.m2/repository/com/vaadin/vaadin-notification-flow/24.3.7/vaadin-notification-flow-24.3.7.jar:/Users/ericspencer/.m2/repository/com/vaadin/vaadin-app-layout-flow/24.3.7/vaadin-app-layout-flow-24.3.7.jar:/Users/ericspencer/.m2/repository/com/vaadin/vaadin-context-menu-flow/24.3.7/vaadin-context-menu-flow-24.3.7.jar:/Users/ericspencer/.m2/repository/com/vaadin/vaadin-menu-bar-flow/24.3.7/vaadin-menu-bar-flow-24.3.7.jar:/Users/ericspencer/.m2/repository/com/vaadin/vaadin-dev/24.3.7/vaadin-dev-24.3.7.jar:/Users/ericspencer/.m2/repository/com/vaadin/vaadin-dev-server/24.3.7/vaadin-dev-server-24.3.7.jar:/Users/ericspencer/.m2/repository/com/vaadin/license-checker/1.12.8/license-checker-1.12.8.jar:/Users/ericspencer/.m2/repository/com/github/oshi/oshi-core/6.4.10/oshi-core-6.4.10.jar:/Users/ericspencer/.m2/repository/net/java/dev/jna/jna/5.14.0/jna-5.14.0.jar:/Users/ericspencer/.m2/repository/net/java/dev/jna/jna-platform/5.14.0/jna-platform-5.14.0.jar:/Users/ericspencer/.m2/repository/com/nimbusds/nimbus-jose-jwt/9.37.3/nimbus-jose-jwt-9.37.3.jar:/Users/ericspencer/.m2/repository/org/lucee/jcip-annotations/1.0.0/jcip-annotations-1.0.0.jar:/Users/ericspencer/.m2/repository/com/vaadin/open/8.5.0/open-8.5.0.jar:/Users/ericspencer/.m2/repository/com/github/javaparser/javaparser-core/3.25.6/javaparser-core-3.25.6.jar:/Users/ericspencer/.m2/repository/io/methvin/directory-watcher/0.18.0/directory-watcher-0.18.0.jar:/Users/ericspencer/.m2/repository/com/vaadin/vaadin-dev-bundle/24.3.7/vaadin-dev-bundle-24.3.7.jar:/Users/ericspencer/.m2/repository/org/lamport/tla2tools/1.8.0/tla2tools-1.8.0.jar:/Users/ericspencer/.m2/repository/org/springframework/boot/spring-boot-starter-test/3.2.4/spring-boot-starter-test-3.2.4.jar:/Users/ericspencer/.m2/repository/org/springframework/boot/spring-boot-test/3.2.4/spring-boot-test-3.2.4.jar:/Users/ericspencer/.m2/repository/org/springframework/boot/spring-boot-test-autoconfigure/3.2.4/spring-boot-test-autoconfigure-3.2.4.jar:/Users/ericspencer/.m2/repository/com/jayway/jsonpath/json-path/2.9.0/json-path-2.9.0.jar:/Users/ericspencer/.m2/repository/org/slf4j/slf4j-api/2.0.12/slf4j-api-2.0.12.jar:/Users/ericspencer/.m2/repository/jakarta/xml/bind/jakarta.xml.bind-api/4.0.2/jakarta.xml.bind-api-4.0.2.jar:/Users/ericspencer/.m2/repository/jakarta/activation/jakarta.activation-api/2.1.3/jakarta.activation-api-2.1.3.jar:/Users/ericspencer/.m2/repository/net/minidev/json-smart/2.5.0/json-smart-2.5.0.jar:/Users/ericspencer/.m2/repository/net/minidev/accessors-smart/2.5.0/accessors-smart-2.5.0.jar:/Users/ericspencer/.m2/repository/org/assertj/assertj-core/3.24.2/assertj-core-3.24.2.jar:/Users/ericspencer/.m2/repository/net/bytebuddy/byte-buddy/1.14.12/byte-buddy-1.14.12.jar:/Users/ericspencer/.m2/repository/org/awaitility/awaitility/4.2.0/awaitility-4.2.0.jar:/Users/ericspencer/.m2/repository/org/hamcrest/hamcrest/2.2/hamcrest-2.2.jar:/Users/ericspencer/.m2/repository/org/junit/jupiter/junit-jupiter/5.10.2/junit-jupiter-5.10.2.jar:/Users/ericspencer/.m2/repository/org/junit/jupiter/junit-jupiter-api/5.10.2/junit-jupiter-api-5.10.2.jar:/Users/ericspencer/.m2/repository/org/opentest4j/opentest4j/1.3.0/opentest4j-1.3.0.jar:/Users/ericspencer/.m2/repository/org/junit/platform/junit-platform-commons/1.10.2/junit-platform-commons-1.10.2.jar:/Users/ericspencer/.m2/repository/org/apiguardian/apiguardian-api/1.1.2/apiguardian-api-1.1.2.jar:/Users/ericspencer/.m2/repository/org/junit/jupiter/junit-jupiter-params/5.10.2/junit-jupiter-params-5.10.2.jar:/Users/ericspencer/.m2/repository/org/junit/jupiter/junit-jupiter-engine/5.10.2/junit-jupiter-engine-5.10.2.jar:/Users/ericspencer/.m2/repository/org/junit/platform/junit-platform-engine/1.10.2/junit-platform-engine-1.10.2.jar:/Users/ericspencer/.m2/repository/org/mockito/mockito-core/5.7.0/mockito-core-5.7.0.jar:/Users/ericspencer/.m2/repository/net/bytebuddy/byte-buddy-agent/1.14.12/byte-buddy-agent-1.14.12.jar:/Users/ericspencer/.m2/repository/org/objenesis/objenesis/3.3/objenesis-3.3.jar:/Users/ericspencer/.m2/repository/org/mockito/mockito-junit-jupiter/5.7.0/mockito-junit-jupiter-5.7.0.jar:/Users/ericspencer/.m2/repository/org/skyscreamer/jsonassert/1.5.1/jsonassert-1.5.1.jar:/Users/ericspencer/.m2/repository/com/vaadin/external/google/android-json/0.0.20131108.vaadin1/android-json-0.0.20131108.vaadin1.jar:/Users/ericspencer/.m2/repository/org/springframework/spring-test/6.1.5/spring-test-6.1.5.jar:/Users/ericspencer/.m2/repository/org/xmlunit/xmlunit-core/2.9.1/xmlunit-core-2.9.1.jar:"/>
    <property name="java.vm.vendor" value="Homebrew"/>
    <property name="sun.arch.data.model" value="64"/>
    <property name="java.vendor.url" value="https://github.com/Homebrew/homebrew-core/issues"/>
    <property name="os.name" value="Mac OS X"/>
    <property name="java.vm.specification.version" value="23"/>
    <property name="sun.java.launcher" value="SUN_STANDARD"/>
    <property name="user.country" value="US"/>
    <property name="sun.boot.library.path" value="/opt/homebrew/Cellar/openjdk/23.0.2/libexec/openjdk.jdk/Contents/Home/lib"/>
    <property name="sun.java.command" value="/Users/ericspencer/GitHub/interactive-microwave-tla/target/surefire/surefirebooter-20250506223752737_3.jar /Users/ericspencer/GitHub/interactive-microwave-tla/target/surefire 2025-05-06T22-37-51_855-jvmRun1 surefire-20250506223752737_1tmp surefire_0-20250506223752737_2tmp"/>
    <property name="http.nonProxyHosts" value="local|*.local|169.254/16|*.169.254/16"/>
    <property name="jdk.debug" value="release"/>
    <property name="surefire.test.class.path" value="/Users/ericspencer/GitHub/interactive-microwave-tla/target/test-classes:/Users/ericspencer/GitHub/interactive-microwave-tla/target/classes:/Users/ericspencer/.m2/repository/org/springframework/boot/spring-boot-starter/3.2.4/spring-boot-starter-3.2.4.jar:/Users/ericspencer/.m2/repository/org/springframework/boot/spring-boot/3.2.4/spring-boot-3.2.4.jar:/Users/ericspencer/.m2/repository/org/springframework/spring-context/6.1.5/spring-context-6.1.5.jar:/Users/ericspencer/.m2/repository/org/springframework/boot/spring-boot-autoconfigure/3.2.4/spring-boot-autoconfigure-3.2.4.jar:/Users/ericspencer/.m2/repository/org/springframework/boot/spring-boot-starter-logging/3.2.4/spring-boot-starter-logging-3.2.4.jar:/Users/ericspencer/.m2/repository/ch/qos/logback/logback-classic/1.4.14/logback-classic-1.4.14.jar:/Users/ericspencer/.m2/repository/ch/qos/logback/logback-core/1.4.14/logback-core-1.4.14.jar:/Users/ericspencer/.m2/repository/org/apache/logging/log4j/log4j-to-slf4j/2.21.1/log4j-to-slf4j-2.21.1.jar:/Users/ericspencer/.m2/repository/org/apache/logging/log4j/log4j-api/2.21.1/log4j-api-2.21.1.jar:/Users/ericspencer/.m2/repository/org/slf4j/jul-to-slf4j/2.0.12/jul-to-slf4j-2.0.12.jar:/Users/ericspencer/.m2/repository/jakarta/annotation/jakarta.annotation-api/2.1.1/jakarta.annotation-api-2.1.1.jar:/Users/ericspencer/.m2/repository/org/springframework/spring-core/6.1.5/spring-core-6.1.5.jar:/Users/ericspencer/.m2/repository/org/springframework/spring-jcl/6.1.5/spring-jcl-6.1.5.jar:/Users/ericspencer/.m2/repository/org/yaml/snakeyaml/2.2/snakeyaml-2.2.jar:/Users/ericspencer/.m2/repository/org/springframework/boot/spring-boot-starter-web/3.2.4/spring-boot-starter-web-3.2.4.jar:/Users/ericspencer/.m2/repository/org/springframework/boot/spring-boot-starter-json/3.2.4/spring-boot-starter-json-3.2.4.jar:/Users/ericspencer/.m2/repository/com/fasterxml/jackson/core/jackson-databind/2.15.4/jackson-databind-2.15.4.jar:/Users/ericspencer/.m2/repository/com/fasterxml/jackson/core/jackson-annotations/2.15.4/jackson-annotations-2.15.4.jar:/Users/ericspencer/.m2/repository/com/fasterxml/jackson/core/jackson-core/2.15.4/jackson-core-2.15.4.jar:/Users/ericspencer/.m2/repository/com/fasterxml/jackson/datatype/jackson-datatype-jdk8/2.15.4/jackson-datatype-jdk8-2.15.4.jar:/Users/ericspencer/.m2/repository/com/fasterxml/jackson/datatype/jackson-datatype-jsr310/2.15.4/jackson-datatype-jsr310-2.15.4.jar:/Users/ericspencer/.m2/repository/com/fasterxml/jackson/module/jackson-module-parameter-names/2.15.4/jackson-module-parameter-names-2.15.4.jar:/Users/ericspencer/.m2/repository/org/springframework/boot/spring-boot-starter-tomcat/3.2.4/spring-boot-starter-tomcat-3.2.4.jar:/Users/ericspencer/.m2/repository/org/apache/tomcat/embed/tomcat-embed-core/10.1.19/tomcat-embed-core-10.1.19.jar:/Users/ericspencer/.m2/repository/org/apache/tomcat/embed/tomcat-embed-el/10.1.19/tomcat-embed-el-10.1.19.jar:/Users/ericspencer/.m2/repository/org/apache/tomcat/embed/tomcat-embed-websocket/10.1.19/tomcat-embed-websocket-10.1.19.jar:/Users/ericspencer/.m2/repository/org/springframework/spring-web/6.1.5/spring-web-6.1.5.jar:/Users/ericspencer/.m2/repository/org/springframework/spring-beans/6.1.5/spring-beans-6.1.5.jar:/Users/ericspencer/.m2/repository/io/micrometer/micrometer-observation/1.12.4/micrometer-observation-1.12.4.jar:/Users/ericspencer/.m2/repository/io/micrometer/micrometer-commons/1.12.4/micrometer-commons-1.12.4.jar:/Users/ericspencer/.m2/repository/org/springframework/spring-webmvc/6.1.5/spring-webmvc-6.1.5.jar:/Users/ericspencer/.m2/repository/org/springframework/spring-aop/6.1.5/spring-aop-6.1.5.jar:/Users/ericspencer/.m2/repository/org/springframework/spring-expression/6.1.5/spring-expression-6.1.5.jar:/Users/ericspencer/.m2/repository/com/vaadin/vaadin-spring-boot-starter/24.3.7/vaadin-spring-boot-starter-24.3.7.jar:/Users/ericspencer/.m2/repository/com/vaadin/vaadin-spring/24.3.7/vaadin-spring-24.3.7.jar:/Users/ericspencer/.m2/repository/com/vaadin/flow-server/24.3.7/flow-server-24.3.7.jar:/Users/ericspencer/.m2/repository/com/vaadin/servletdetector/throw-if-servlet3/1.0.2/throw-if-servlet3-1.0.2.jar:/Users/ericspencer/.m2/repository/com/vaadin/external/gwt/gwt-elemental/2.8.2.vaadin2/gwt-elemental-2.8.2.vaadin2.jar:/Users/ericspencer/.m2/repository/org/apache/commons/commons-fileupload2-jakarta/2.0.0-M1/commons-fileupload2-jakarta-2.0.0-M1.jar:/Users/ericspencer/.m2/repository/org/apache/commons/commons-fileupload2-core/2.0.0-M1/commons-fileupload2-core-2.0.0-M1.jar:/Users/ericspencer/.m2/repository/commons-io/commons-io/2.15.0/commons-io-2.15.0.jar:/Users/ericspencer/.m2/repository/org/jsoup/jsoup/1.17.2/jsoup-1.17.2.jar:/Users/ericspencer/.m2/repository/com/helger/ph-css/7.0.1/ph-css-7.0.1.jar:/Users/ericspencer/.m2/repository/com/helger/commons/ph-commons/11.1.0/ph-commons-11.1.0.jar:/Users/ericspencer/.m2/repository/org/ow2/asm/asm/9.6/asm-9.6.jar:/Users/ericspencer/.m2/repository/com/vaadin/external/gentyref/1.2.0.vaadin1/gentyref-1.2.0.vaadin1.jar:/Users/ericspencer/.m2/repository/org/apache/commons/commons-compress/1.26.1/commons-compress-1.26.1.jar:/Users/ericspencer/.m2/repository/commons-codec/commons-codec/1.16.1/commons-codec-1.16.1.jar:/Users/ericspencer/.m2/repository/org/apache/commons/commons-lang3/3.13.0/commons-lang3-3.13.0.jar:/Users/ericspencer/.m2/repository/com/vaadin/flow-push/24.3.7/flow-push-24.3.7.jar:/Users/ericspencer/.m2/repository/com/vaadin/external/atmosphere/atmosphere-runtime/3.0.4.slf4jvaadin1/atmosphere-runtime-3.0.4.slf4jvaadin1.jar:/Users/ericspencer/.m2/repository/com/vaadin/flow-client/24.3.7/flow-client-24.3.7.jar:/Users/ericspencer/.m2/repository/org/springframework/spring-websocket/6.1.5/spring-websocket-6.1.5.jar:/Users/ericspencer/.m2/repository/org/hibernate/validator/hibernate-validator/8.0.1.Final/hibernate-validator-8.0.1.Final.jar:/Users/ericspencer/.m2/repository/jakarta/validation/jakarta.validation-api/3.0.2/jakarta.validation-api-3.0.2.jar:/Users/ericspencer/.m2/repository/org/jboss/logging/jboss-logging/3.5.3.Final/jboss-logging-3.5.3.Final.jar:/Users/ericspencer/.m2/repository/com/fasterxml/classmate/1.6.0/classmate-1.6.0.jar:/Users/ericspencer/.m2/repository/org/reflections/reflections/0.10.2/reflections-0.10.2.jar:/Users/ericspencer/.m2/repository/org/javassist/javassist/3.28.0-GA/javassist-3.28.0-GA.jar:/Users/ericspencer/.m2/repository/com/google/code/findbugs/jsr305/3.0.2/jsr305-3.0.2.jar:/Users/ericspencer/.m2/repository/com/vaadin/vaadin-core/24.3.7/vaadin-core-24.3.7.jar:/Users/ericspencer/.m2/repository/com/vaadin/vaadin-core-internal/24.3.7/vaadin-core-internal-24.3.7.jar:/Users/ericspencer/.m2/repository/com/vaadin/flow-lit-template/24.3.7/flow-lit-template-24.3.7.jar:/Users/ericspencer/.m2/repository/com/vaadin/flow-html-components/24.3.7/flow-html-components-24.3.7.jar:/Users/ericspencer/.m2/repository/com/vaadin/flow-data/24.3.7/flow-data-24.3.7.jar:/Users/ericspencer/.m2/repository/com/vaadin/flow-dnd/24.3.7/flow-dnd-24.3.7.jar:/Users/ericspencer/.m2/repository/com/vaadin/vaadin-lumo-theme/24.3.7/vaadin-lumo-theme-24.3.7.jar:/Users/ericspencer/.m2/repository/com/vaadin/vaadin-material-theme/24.3.7/vaadin-material-theme-24.3.7.jar:/Users/ericspencer/.m2/repository/com/vaadin/vaadin-accordion-flow/24.3.7/vaadin-accordion-flow-24.3.7.jar:/Users/ericspencer/.m2/repository/com/vaadin/vaadin-avatar-flow/24.3.7/vaadin-avatar-flow-24.3.7.jar:/Users/ericspencer/.m2/repository/com/vaadin/vaadin-flow-components-base/24.3.7/vaadin-flow-components-base-24.3.7.jar:/Users/ericspencer/.m2/repository/com/vaadin/vaadin-button-flow/24.3.7/vaadin-button-flow-24.3.7.jar:/Users/ericspencer/.m2/repository/com/vaadin/vaadin-checkbox-flow/24.3.7/vaadin-checkbox-flow-24.3.7.jar:/Users/ericspencer/.m2/repository/com/vaadin/vaadin-combo-box-flow/24.3.7/vaadin-combo-box-flow-24.3.7.jar:/Users/ericspencer/.m2/repository/com/vaadin/vaadin-confirm-dialog-flow/24.3.7/vaadin-confirm-dialog-flow-24.3.7.jar:/Users/ericspencer/.m2/repository/com/vaadin/vaadin-custom-field-flow/24.3.7/vaadin-custom-field-flow-24.3.7.jar:/Users/ericspencer/.m2/repository/com/vaadin/vaadin-date-picker-flow/24.3.7/vaadin-date-picker-flow-24.3.7.jar:/Users/ericspencer/.m2/repository/com/vaadin/vaadin-date-time-picker-flow/24.3.7/vaadin-date-time-picker-flow-24.3.7.jar:/Users/ericspencer/.m2/repository/com/vaadin/vaadin-details-flow/24.3.7/vaadin-details-flow-24.3.7.jar:/Users/ericspencer/.m2/repository/com/vaadin/vaadin-time-picker-flow/24.3.7/vaadin-time-picker-flow-24.3.7.jar:/Users/ericspencer/.m2/repository/com/vaadin/vaadin-select-flow/24.3.7/vaadin-select-flow-24.3.7.jar:/Users/ericspencer/.m2/repository/com/vaadin/vaadin-side-nav-flow/24.3.7/vaadin-side-nav-flow-24.3.7.jar:/Users/ericspencer/.m2/repository/com/vaadin/vaadin-dialog-flow/24.3.7/vaadin-dialog-flow-24.3.7.jar:/Users/ericspencer/.m2/repository/com/vaadin/vaadin-form-layout-flow/24.3.7/vaadin-form-layout-flow-24.3.7.jar:/Users/ericspencer/.m2/repository/com/vaadin/vaadin-field-highlighter-flow/24.3.7/vaadin-field-highlighter-flow-24.3.7.jar:/Users/ericspencer/.m2/repository/com/vaadin/vaadin-grid-flow/24.3.7/vaadin-grid-flow-24.3.7.jar:/Users/ericspencer/.m2/repository/com/vaadin/vaadin-icons-flow/24.3.7/vaadin-icons-flow-24.3.7.jar:/Users/ericspencer/.m2/repository/com/vaadin/vaadin-virtual-list-flow/24.3.7/vaadin-virtual-list-flow-24.3.7.jar:/Users/ericspencer/.m2/repository/com/vaadin/vaadin-list-box-flow/24.3.7/vaadin-list-box-flow-24.3.7.jar:/Users/ericspencer/.m2/repository/com/vaadin/vaadin-login-flow/24.3.7/vaadin-login-flow-24.3.7.jar:/Users/ericspencer/.m2/repository/com/vaadin/vaadin-messages-flow/24.3.7/vaadin-messages-flow-24.3.7.jar:/Users/ericspencer/.m2/repository/com/vaadin/vaadin-ordered-layout-flow/24.3.7/vaadin-ordered-layout-flow-24.3.7.jar:/Users/ericspencer/.m2/repository/com/vaadin/vaadin-progress-bar-flow/24.3.7/vaadin-progress-bar-flow-24.3.7.jar:/Users/ericspencer/.m2/repository/com/vaadin/vaadin-radio-button-flow/24.3.7/vaadin-radio-button-flow-24.3.7.jar:/Users/ericspencer/.m2/repository/com/vaadin/vaadin-renderer-flow/24.3.7/vaadin-renderer-flow-24.3.7.jar:/Users/ericspencer/.m2/repository/com/vaadin/vaadin-split-layout-flow/24.3.7/vaadin-split-layout-flow-24.3.7.jar:/Users/ericspencer/.m2/repository/com/vaadin/vaadin-tabs-flow/24.3.7/vaadin-tabs-flow-24.3.7.jar:/Users/ericspencer/.m2/repository/com/vaadin/vaadin-text-field-flow/24.3.7/vaadin-text-field-flow-24.3.7.jar:/Users/ericspencer/.m2/repository/com/vaadin/vaadin-upload-flow/24.3.7/vaadin-upload-flow-24.3.7.jar:/Users/ericspencer/.m2/repository/com/vaadin/vaadin-notification-flow/24.3.7/vaadin-notification-flow-24.3.7.jar:/Users/ericspencer/.m2/repository/com/vaadin/vaadin-app-layout-flow/24.3.7/vaadin-app-layout-flow-24.3.7.jar:/Users/ericspencer/.m2/repository/com/vaadin/vaadin-context-menu-flow/24.3.7/vaadin-context-menu-flow-24.3.7.jar:/Users/ericspencer/.m2/repository/com/vaadin/vaadin-menu-bar-flow/24.3.7/vaadin-menu-bar-flow-24.3.7.jar:/Users/ericspencer/.m2/repository/com/vaadin/vaadin-dev/24.3.7/vaadin-dev-24.3.7.jar:/Users/ericspencer/.m2/repository/com/vaadin/vaadin-dev-server/24.3.7/vaadin-dev-server-24.3.7.jar:/Users/ericspencer/.m2/repository/com/vaadin/license-checker/1.12.8/license-checker-1.12.8.jar:/Users/ericspencer/.m2/repository/com/github/oshi/oshi-core/6.4.10/oshi-core-6.4.10.jar:/Users/ericspencer/.m2/repository/net/java/dev/jna/jna/5.14.0/jna-5.14.0.jar:/Users/ericspencer/.m2/repository/net/java/dev/jna/jna-platform/5.14.0/jna-platform-5.14.0.jar:/Users/ericspencer/.m2/repository/com/nimbusds/nimbus-jose-jwt/9.37.3/nimbus-jose-jwt-9.37.3.jar:/Users/ericspencer/.m2/repository/org/lucee/jcip-annotations/1.0.0/jcip-annotations-1.0.0.jar:/Users/ericspencer/.m2/repository/com/vaadin/open/8.5.0/open-8.5.0.jar:/Users/ericspencer/.m2/repository/com/github/javaparser/javaparser-core/3.25.6/javaparser-core-3.25.6.jar:/Users/ericspencer/.m2/repository/io/methvin/directory-watcher/0.18.0/directory-watcher-0.18.0.jar:/Users/ericspencer/.m2/repository/com/vaadin/vaadin-dev-bundle/24.3.7/vaadin-dev-bundle-24.3.7.jar:/Users/ericspencer/.m2/repository/org/lamport/tla2tools/1.8.0/tla2tools-1.8.0.jar:/Users/ericspencer/.m2/repository/org/springframework/boot/spring-boot-starter-test/3.2.4/spring-boot-starter-test-3.2.4.jar:/Users/ericspencer/.m2/repository/org/springframework/boot/spring-boot-test/3.2.4/spring-boot-test-3.2.4.jar:/Users/ericspencer/.m2/repository/org/springframework/boot/spring-boot-test-autoconfigure/3.2.4/spring-boot-test-autoconfigure-3.2.4.jar:/Users/ericspencer/.m2/repository/com/jayway/jsonpath/json-path/2.9.0/json-path-2.9.0.jar:/Users/ericspencer/.m2/repository/org/slf4j/slf4j-api/2.0.12/slf4j-api-2.0.12.jar:/Users/ericspencer/.m2/repository/jakarta/xml/bind/jakarta.xml.bind-api/4.0.2/jakarta.xml.bind-api-4.0.2.jar:/Users/ericspencer/.m2/repository/jakarta/activation/jakarta.activation-api/2.1.3/jakarta.activation-api-2.1.3.jar:/Users/ericspencer/.m2/repository/net/minidev/json-smart/2.5.0/json-smart-2.5.0.jar:/Users/ericspencer/.m2/repository/net/minidev/accessors-smart/2.5.0/accessors-smart-2.5.0.jar:/Users/ericspencer/.m2/repository/org/assertj/assertj-core/3.24.2/assertj-core-3.24.2.jar:/Users/ericspencer/.m2/repository/net/bytebuddy/byte-buddy/1.14.12/byte-buddy-1.14.12.jar:/Users/ericspencer/.m2/repository/org/awaitility/awaitility/4.2.0/awaitility-4.2.0.jar:/Users/ericspencer/.m2/repository/org/hamcrest/hamcrest/2.2/hamcrest-2.2.jar:/Users/ericspencer/.m2/repository/org/junit/jupiter/junit-jupiter/5.10.2/junit-jupiter-5.10.2.jar:/Users/ericspencer/.m2/repository/org/junit/jupiter/junit-jupiter-api/5.10.2/junit-jupiter-api-5.10.2.jar:/Users/ericspencer/.m2/repository/org/opentest4j/opentest4j/1.3.0/opentest4j-1.3.0.jar:/Users/ericspencer/.m2/repository/org/junit/platform/junit-platform-commons/1.10.2/junit-platform-commons-1.10.2.jar:/Users/ericspencer/.m2/repository/org/apiguardian/apiguardian-api/1.1.2/apiguardian-api-1.1.2.jar:/Users/ericspencer/.m2/repository/org/junit/jupiter/junit-jupiter-params/5.10.2/junit-jupiter-params-5.10.2.jar:/Users/ericspencer/.m2/repository/org/junit/jupiter/junit-jupiter-engine/5.10.2/junit-jupiter-engine-5.10.2.jar:/Users/ericspencer/.m2/repository/org/junit/platform/junit-platform-engine/1.10.2/junit-platform-engine-1.10.2.jar:/Users/ericspencer/.m2/repository/org/mockito/mockito-core/5.7.0/mockito-core-5.7.0.jar:/Users/ericspencer/.m2/repository/net/bytebuddy/byte-buddy-agent/1.14.12/byte-buddy-agent-1.14.12.jar:/Users/ericspencer/.m2/repository/org/objenesis/objenesis/3.3/objenesis-3.3.jar:/Users/ericspencer/.m2/repository/org/mockito/mockito-junit-jupiter/5.7.0/mockito-junit-jupiter-5.7.0.jar:/Users/ericspencer/.m2/repository/org/skyscreamer/jsonassert/1.5.1/jsonassert-1.5.1.jar:/Users/ericspencer/.m2/repository/com/vaadin/external/google/android-json/0.0.20131108.vaadin1/android-json-0.0.20131108.vaadin1.jar:/Users/ericspencer/.m2/repository/org/springframework/spring-test/6.1.5/spring-test-6.1.5.jar:/Users/ericspencer/.m2/repository/org/xmlunit/xmlunit-core/2.9.1/xmlunit-core-2.9.1.jar:"/>
    <property name="sun.cpu.endian" value="little"/>
    <property name="user.home" value="/Users/ericspencer"/>
    <property name="user.language" value="en"/>
    <property name="java.specification.vendor" value="Oracle Corporation"/>
    <property name="java.version.date" value="2025-01-21"/>
    <property name="java.home" value="/opt/homebrew/Cellar/openjdk/23.0.2/libexec/openjdk.jdk/Contents/Home"/>
    <property name="file.separator" value="/"/>
    <property name="basedir" value="/Users/ericspencer/GitHub/interactive-microwave-tla"/>
    <property name="java.vm.compressedOopsMode" value="Zero based"/>
    <property name="line.separator" value="&#10;"/>
    <property name="java.vm.specification.vendor" value="Oracle Corporation"/>
    <property name="java.specification.name" value="Java Platform API Specification"/>
    <property name="apple.awt.application.name" value="ForkedBooter"/>
    <property name="surefire.real.class.path" value="/Users/ericspencer/GitHub/interactive-microwave-tla/target/surefire/surefirebooter-20250506223752737_3.jar"/>
    <property name="sun.management.compiler" value="HotSpot 64-Bit Tiered Compilers"/>
    <property name="ftp.nonProxyHosts" value="local|*.local|169.254/16|*.169.254/16"/>
    <property name="java.runtime.version" value="23.0.2"/>
    <property name="user.name" value="ericspencer"/>
    <property name="stdout.encoding" value="UTF-8"/>
    <property name="path.separator" value=":"/>
    <property name="os.version" value="14.6.1"/>
    <property name="java.runtime.name" value="OpenJDK Runtime Environment"/>
    <property name="file.encoding" value="UTF-8"/>
    <property name="java.vm.name" value="OpenJDK 64-Bit Server VM"/>
    <property name="java.vendor.version" value="Homebrew"/>
    <property name="localRepository" value="/Users/ericspencer/.m2/repository"/>
    <property name="java.vendor.url.bug" value="https://github.com/Homebrew/homebrew-core/issues"/>
    <property name="java.io.tmpdir" value="/var/folders/4x/b2fq9fc51bv44qq80ljcwpxc0000gn/T/"/>
    <property name="java.version" value="23.0.2"/>
    <property name="user.dir" value="/Users/ericspencer/GitHub/interactive-microwave-tla"/>
    <property name="os.arch" value="aarch64"/>
    <property name="java.vm.specification.name" value="Java Virtual Machine Specification"/>
    <property name="native.encoding" value="UTF-8"/>
    <property name="java.library.path" value="/Users/ericspencer/Library/Java/Extensions:/Library/Java/Extensions:/Network/Library/Java/Extensions:/System/Library/Java/Extensions:/usr/lib/java:."/>
    <property name="java.vm.info" value="mixed mode, sharing"/>
    <property name="stderr.encoding" value="UTF-8"/>
    <property name="java.vendor" value="Homebrew"/>
    <property name="java.vm.version" value="23.0.2"/>
    <property name="sun.io.unicode.encoding" value="UnicodeBig"/>
    <property name="socksNonProxyHosts" value="local|*.local|169.254/16|*.169.254/16"/>
    <property name="java.class.version" value="67.0"/>
  </properties>
  <testcase name="testStopClock" classname="com.example.microwave.fsm.MicrowaveFSMTest" time="0.018"/>
  <testcase name="testCannotStartCookingWithDoorOpen" classname="com.example.microwave.fsm.MicrowaveFSMTest" time="0.004"/>
  <testcase name="testAddTime" classname="com.example.microwave.fsm.MicrowaveFSMTest" time="0.002"/>
  <testcase name="testTick" classname="com.example.microwave.fsm.MicrowaveFSMTest" time="0.006"/>
  <testcase name="testInitialState" classname="com.example.microwave.fsm.MicrowaveFSMTest" time="0.0"/>
  <testcase name="testStartCooking" classname="com.example.microwave.fsm.MicrowaveFSMTest" time="0.0"/>
  <testcase name="testResetClock" classname="com.example.microwave.fsm.MicrowaveFSMTest" time="0.001"/>
  <testcase name="testDoorOperations" classname="com.example.microwave.fsm.MicrowaveFSMTest" time="0.001"/>
</testsuite>